#
# A fatal error has been detected by the Java Runtime Environment:
#
#  EXCEPTION_ACCESS_VIOLATION (0xc0000005) at pc=0x5abe757e, pid=8400, tid=0x000013b0
#
# JRE version: Java(TM) SE Runtime Environment (8.0_191-b12) (build 1.8.0_191-b12)
# Java VM: Java HotSpot(TM) Client VM (25.191-b12 mixed mode windows-x86 )
# Problematic frame:
# V  [jvm.dll+0xe757e]
#
# Failed to write core dump. Minidumps are not enabled by default on client versions of Windows
#
# If you would like to submit a bug report, please visit:
#   http://bugreport.java.com/bugreport/crash.jsp
#

---------------  T H R E A D  ---------------

Current thread (0x28aa6000):  JavaThread "EventThread COM11" [_thread_in_vm, id=5040, stack(0x02960000,0x029b0000)]

siginfo: ExceptionCode=0xc0000005, reading address 0x00000000

Registers:
EAX=0x00000000, EBX=0x280fb0c0, ECX=0x28aa6000, EDX=0x0000009f
ESP=0x029a432c, EBP=0x029a4348, ESI=0x00000000, EDI=0x28aa6000
EIP=0x5abe757e, EFLAGS=0x00010246

Top of Stack: (sp=0x029a432c)
0x029a432c:   029a4364 28aa6140 280fb0c0 28aa6000
0x029a433c:   287a092c 0000009f 5ade5568 029af628
0x029a434c:   6400183d 28aa6140 00000000 00000000
0x029a435c:   0000b280 029a4364 0d300a0d 0a0d300a
0x029a436c:   300a0d30 0d300a0d 0a0d300a 300a0d30
0x029a437c:   0d300a0d 0a0d300a 300a0d30 0d300a0d
0x029a438c:   0a0d300a 300a0d30 0d300a0d 0a0d300a
0x029a439c:   300a0d30 0d300a0d 0a0d300a 300a0d30 

Instructions: (pc=0x5abe757e)
0x5abe755e:   c4 08 83 7f 04 00 89 7d f0 c7 45 f4 00 00 00 00
0x5abe756e:   74 08 8d 4d f0 e8 e8 34 0c 00 8b 75 10 8b 45 0c
0x5abe757e:   8b 10 85 f6 78 32 8b 45 14 85 c0 78 2b 8d 0c 06
0x5abe758e:   3b 4a 08 77 23 85 c0 7e 3b 8b 4a 04 8b 49 04 83 


Register to memory mapping:

EAX=0x00000000 is an unknown value
EBX=0x280fb0c0 is an unknown value
ECX=0x28aa6000 is a thread
EDX=0x0000009f is an unknown value
ESP=0x029a432c is pointing into the stack for thread: 0x28aa6000
EBP=0x029a4348 is pointing into the stack for thread: 0x28aa6000
ESI=0x00000000 is an unknown value
EDI=0x28aa6000 is a thread


Stack: [0x02960000,0x029b0000],  sp=0x029a432c,  free space=272k
Native frames: (J=compiled Java code, j=interpreted, Vv=VM code, C=native code)
V  [jvm.dll+0xe757e]
C  [jSSC-2.8_x86.dll+0x183d]
J 8816  jssc.SerialNativeInterface.readBytes(JI)[B (0 bytes) @ 0x0301d7e5 [0x0301d750+0x95]
J 5135 C1 jssc.SerialPort$EventThread.run()V (84 bytes) @ 0x02d88770 [0x02d88500+0x270]
v  ~StubRoutines::call_stub
V  [jvm.dll+0x15c315]
V  [jvm.dll+0x223ece]
V  [jvm.dll+0x15c3ae]
V  [jvm.dll+0x15c536]
V  [jvm.dll+0x15c5a7]
V  [jvm.dll+0x1002ef]
V  [jvm.dll+0x17f550]
V  [jvm.dll+0x17fdca]
V  [jvm.dll+0x1c57a6]
C  [msvcr100.dll+0x5c556]
C  [msvcr100.dll+0x5c600]
C  [KERNEL32.DLL+0x1fa29]
C  [ntdll.dll+0x67c7e]
C  [ntdll.dll+0x67c4e]
C  0x00000000

Java frames: (J=compiled Java code, j=interpreted, Vv=VM code)
J 8816  jssc.SerialNativeInterface.readBytes(JI)[B (0 bytes) @ 0x0301d7a1 [0x0301d750+0x51]
J 5135 C1 jssc.SerialPort$EventThread.run()V (84 bytes) @ 0x02d88770 [0x02d88500+0x270]
v  ~StubRoutines::call_stub

---------------  P R O C E S S  ---------------

Java Threads: ( => current thread )
=>0x28aa6000 JavaThread "EventThread COM11" [_thread_in_vm, id=5040, stack(0x02960000,0x029b0000)]
  0x289cfc00 JavaThread "JmDNS(DeskDan.local.).State.Timer" [_thread_blocked, id=20148, stack(0x2a4b0000,0x2a500000)]
  0x289ce400 JavaThread "JmDNS(DeskDan.local.).Timer" daemon [_thread_blocked, id=13428, stack(0x2a420000,0x2a470000)]
  0x28aaa400 JavaThread "SocketListener(DeskDan.local.)" daemon [_thread_blocked, id=7648, stack(0x2a390000,0x2a3e0000)]
  0x28aa9800 JavaThread "JmDNS(DeskDan.local.).State.Timer" [_thread_blocked, id=21032, stack(0x29fe0000,0x2a030000)]
  0x28aa7400 JavaThread "JmDNS(DeskDan.local.).Timer" daemon [_thread_blocked, id=1072, stack(0x29f50000,0x29fa0000)]
  0x28aaa000 JavaThread "SocketListener(DeskDan.local.)" daemon [_thread_blocked, id=3888, stack(0x00db0000,0x00e00000)]
  0x28aa8000 JavaThread "JmDNS(DeskDan-lan.local.).State.Timer" [_thread_blocked, id=4520, stack(0x281f0000,0x28240000)]
  0x28aa6c00 JavaThread "JmDNS(DeskDan-lan.local.).Timer" daemon [_thread_blocked, id=1700, stack(0x279d0000,0x27a20000)]
  0x28aa4c00 JavaThread "SocketListener(DeskDan-lan.local.)" daemon [_thread_blocked, id=3440, stack(0x26cc0000,0x26d10000)]
  0x28aa8800 JavaThread "JmDNS(DeskDan.local.).State.Timer" [_thread_blocked, id=816, stack(0x2a100000,0x2a150000)]
  0x28aa7800 JavaThread "JmDNS(DeskDan.local.).Timer" daemon [_thread_blocked, id=10372, stack(0x2a070000,0x2a0c0000)]
  0x28aa8c00 JavaThread "JmDNS(DeskDan-lan.local.).State.Timer" [_thread_blocked, id=17324, stack(0x27650000,0x276a0000)]
  0x28aa5c00 JavaThread "JmDNS(DeskDan-lan.local.).Timer" daemon [_thread_blocked, id=9064, stack(0x27530000,0x27580000)]
  0x28aa6800 JavaThread "JmDNS(DeskDan.local.).State.Timer" [_thread_blocked, id=11832, stack(0x25b10000,0x25b60000)]
  0x28aa5400 JavaThread "JmDNS(DeskDan.local.).Timer" daemon [_thread_blocked, id=18808, stack(0x25a80000,0x25ad0000)]
  0x28aa4800 JavaThread "JmDNS(DeskDan.local.).State.Timer" [_thread_blocked, id=9120, stack(0x258f0000,0x25940000)]
  0x28aab800 JavaThread "JmDNS(DeskDan.local.).Timer" daemon [_thread_blocked, id=3776, stack(0x04cb0000,0x04d00000)]
  0x28aaac00 JavaThread "DestroyJavaVM" [_thread_blocked, id=21404, stack(0x027b0000,0x02800000)]
  0x289ce800 JavaThread "TimerQueue" daemon [_thread_blocked, id=10136, stack(0x2b3e0000,0x2b430000)]
  0x289cd000 JavaThread "AWT-EventQueue-0" [_thread_blocked, id=788, stack(0x29f00000,0x29f50000)]
  0x289cf000 JavaThread "AWT-Shutdown" [_thread_blocked, id=21236, stack(0x29e70000,0x29ec0000)]
  0x289cf400 JavaThread "Batik CleanerThread" daemon [_thread_blocked, id=1580, stack(0x27be0000,0x27c30000)]
  0x28877000 JavaThread "JmDNS(DeskDan-lan.local.).State.Timer" [_thread_blocked, id=4768, stack(0x27980000,0x279d0000)]
  0x28864000 JavaThread "JmDNS(DeskDan-lan.local.).Timer" daemon [_thread_blocked, id=4756, stack(0x278f0000,0x27940000)]
  0x26890000 JavaThread "Multihomed mDNS.Timer" daemon [_thread_blocked, id=4828, stack(0x02a70000,0x02ac0000)]
  0x28780000 JavaThread "cc.arduino.packages.discoverers.serial.SerialDiscovery" [_thread_blocked, id=4824, stack(0x27600000,0x27650000)]
  0x268ce400 JavaThread "AWT-Windows" daemon [_thread_in_native, id=1688, stack(0x26d90000,0x26de0000)]
  0x268aac00 JavaThread "Java2D Disposer" daemon [_thread_blocked, id=18876, stack(0x26c70000,0x26cc0000)]
  0x25eea000 JavaThread "Service Thread" daemon [_thread_blocked, id=6048, stack(0x26510000,0x26560000)]
  0x25ee1c00 JavaThread "C1 CompilerThread0" daemon [_thread_blocked, id=11588, stack(0x26480000,0x264d0000)]
  0x25ee0400 JavaThread "Attach Listener" daemon [_thread_blocked, id=4252, stack(0x263f0000,0x26440000)]
  0x25ece800 JavaThread "Signal Dispatcher" daemon [_thread_blocked, id=5772, stack(0x26360000,0x263b0000)]
  0x25ecc800 JavaThread "Finalizer" daemon [_thread_blocked, id=21232, stack(0x261d0000,0x26220000)]
  0x25ec6800 JavaThread "Reference Handler" daemon [_thread_blocked, id=19468, stack(0x26140000,0x26190000)]

Other Threads:
  0x25eb0800 VMThread [stack: 0x260b0000,0x26100000] [id=7000]
  0x25eed400 WatcherThread [stack: 0x265a0000,0x265f0000] [id=5036]

VM state:synchronizing (normal execution)

VM Mutex/Monitor currently owned by a thread:  ([mutex/lock_event])
[0x00f0e2d8] Threads_lock - owner thread: 0x25eb0800
[0x00f0da50] Heap_lock - owner thread: 0x28aa4c00

Heap:
 def new generation   total 157248K, used 157248K [0x04e00000, 0x0f8a0000, 0x0f8a0000)
  eden space 139776K, 100% used [0x04e00000, 0x0d680000, 0x0d680000)
  from space 17472K, 100% used [0x0d680000, 0x0e790000, 0x0e790000)
  to   space 17472K,   0% used [0x0e790000, 0x0e790000, 0x0f8a0000)
 tenured generation   total 349568K, used 349567K [0x0f8a0000, 0x24e00000, 0x24e00000)
   the space 349568K,  99% used [0x0f8a0000, 0x24dfffd0, 0x24e00000, 0x24e00000)
 Metaspace       used 25715K, capacity 26242K, committed 26368K, reserved 27008K

Card table byte_map: [0x24e00000,0x24f10000] byte_map_base: 0x24dd9000

Polling page: 0x00f20000

CodeCache: size=32768Kb used=3716Kb max_used=5275Kb free=29051Kb
 bounds [0x02b50000, 0x03080000, 0x04b50000]
 total_blobs=2238 nmethods=1939 adapters=227
 compilation: enabled

Compilation events (10 events):
Event: 24474.535 Thread 0x25ee1c00 18704  s          javax.swing.text.AbstractDocument::createPosition (11 bytes)
Event: 24474.535 Thread 0x25ee1c00 nmethod 18704 0x03026d08 code [0x03026e10, 0x0302700c]
Event: 24474.536 Thread 0x25ee1c00 18705   !         javax.swing.text.AbstractDocument$LeafElement::<init> (58 bytes)
Event: 24474.536 Thread 0x25ee1c00 nmethod 18705 0x02c7b108 code [0x02c7b260, 0x02c7b770]
Event: 24474.536 Thread 0x25ee1c00 18706             javax.swing.text.AbstractDocument$AbstractElement::<init> (37 bytes)
Event: 24474.536 Thread 0x25ee1c00 nmethod 18706 0x02d57908 code [0x02d57a30, 0x02d57d48]
Event: 24474.536 Thread 0x25ee1c00 18707             javax.swing.text.StyleContext::getEmptySet (4 bytes)
Event: 24474.536 Thread 0x25ee1c00 nmethod 18707 0x02c56788 code [0x02c56880, 0x02c56900]
Event: 24475.180 Thread 0x25ee1c00 18708             javax.jmdns.impl.DNSRecord$Address::getAddress (5 bytes)
Event: 24475.180 Thread 0x25ee1c00 nmethod 18708 0x02fad908 code [0x02fada00, 0x02fada80]

GC Heap History (10 events):
Event: 24488.423 GC heap before
{Heap before GC invocations=1434 (full 463):
 def new generation   total 157248K, used 157247K [0x04e00000, 0x0f8a0000, 0x0f8a0000)
  eden space 139776K, 100% used [0x04e00000, 0x0d680000, 0x0d680000)
  from space 17472K,  99% used [0x0d680000, 0x0e78fff8, 0x0e790000)
  to   space 17472K,   0% used [0x0e790000, 0x0e790000, 0x0f8a0000)
 tenured generation   total 349568K, used 349567K [0x0f8a0000, 0x24e00000, 0x24e00000)
   the space 349568K,  99% used [0x0f8a0000, 0x24dffff8, 0x24e00000, 0x24e00000)
 Metaspace       used 25715K, capacity 26242K, committed 26368K, reserved 27008K
Event: 24488.818 GC heap after
Heap after GC invocations=1435 (full 464):
 def new generation   total 157248K, used 157247K [0x04e00000, 0x0f8a0000, 0x0f8a0000)
  eden space 139776K, 100% used [0x04e00000, 0x0d680000, 0x0d680000)
  from space 17472K,  99% used [0x0d680000, 0x0e78ffe0, 0x0e790000)
  to   space 17472K,   0% used [0x0e790000, 0x0e790000, 0x0f8a0000)
 tenured generation   total 349568K, used 349560K [0x0f8a0000, 0x24e00000, 0x24e00000)
   the space 349568K,  99% used [0x0f8a0000, 0x24dfe2f0, 0x24dfe400, 0x24e00000)
 Metaspace       used 25715K, capacity 26242K, committed 26368K, reserved 27008K
}
Event: 24488.818 GC heap before
{Heap before GC invocations=1435 (full 464):
 def new generation   total 157248K, used 157247K [0x04e00000, 0x0f8a0000, 0x0f8a0000)
  eden space 139776K, 100% used [0x04e00000, 0x0d680000, 0x0d680000)
  from space 17472K,  99% used [0x0d680000, 0x0e78fff8, 0x0e790000)
  to   space 17472K,   0% used [0x0e790000, 0x0e790000, 0x0f8a0000)
 tenured generation   total 349568K, used 349567K [0x0f8a0000, 0x24e00000, 0x24e00000)
   the space 349568K,  99% used [0x0f8a0000, 0x24dfff80, 0x24e00000, 0x24e00000)
 Metaspace       used 25715K, capacity 26242K, committed 26368K, reserved 27008K
Event: 24489.215 GC heap after
Heap after GC invocations=1436 (full 465):
 def new generation   total 157248K, used 157247K [0x04e00000, 0x0f8a0000, 0x0f8a0000)
  eden space 139776K, 100% used [0x04e00000, 0x0d680000, 0x0d680000)
  from space 17472K,  99% used [0x0d680000, 0x0e78ffe0, 0x0e790000)
  to   space 17472K,   0% used [0x0e790000, 0x0e790000, 0x0f8a0000)
 tenured generation   total 349568K, used 349567K [0x0f8a0000, 0x24e00000, 0x24e00000)
   the space 349568K,  99% used [0x0f8a0000, 0x24dfff80, 0x24e00000, 0x24e00000)
 Metaspace       used 25715K, capacity 26242K, committed 26368K, reserved 27008K
}
Event: 24489.215 GC heap before
{Heap before GC invocations=1436 (full 465):
 def new generation   total 157248K, used 157247K [0x04e00000, 0x0f8a0000, 0x0f8a0000)
  eden space 139776K, 100% used [0x04e00000, 0x0d680000, 0x0d680000)
  from space 17472K,  99% used [0x0d680000, 0x0e78ffe0, 0x0e790000)
  to   space 17472K,   0% used [0x0e790000, 0x0e790000, 0x0f8a0000)
 tenured generation   total 349568K, used 349567K [0x0f8a0000, 0x24e00000, 0x24e00000)
   the space 349568K,  99% used [0x0f8a0000, 0x24dfff80, 0x24e00000, 0x24e00000)
 Metaspace       used 25715K, capacity 26242K, committed 26368K, reserved 27008K
Event: 24489.614 GC heap after
Heap after GC invocations=1437 (full 466):
 def new generation   total 157248K, used 157247K [0x04e00000, 0x0f8a0000, 0x0f8a0000)
  eden space 139776K, 100% used [0x04e00000, 0x0d680000, 0x0d680000)
  from space 17472K,  99% used [0x0d680000, 0x0e78ffe0, 0x0e790000)
  to   space 17472K,   0% used [0x0e790000, 0x0e790000, 0x0f8a0000)
 tenured generation   total 349568K, used 349559K [0x0f8a0000, 0x24e00000, 0x24e00000)
   the space 349568K,  99% used [0x0f8a0000, 0x24dfddd8, 0x24dfde00, 0x24e00000)
 Metaspace       used 25715K, capacity 26242K, committed 26368K, reserved 27008K
}
Event: 24489.614 GC heap before
{Heap before GC invocations=1437 (full 466):
 def new generation   total 157248K, used 157247K [0x04e00000, 0x0f8a0000, 0x0f8a0000)
  eden space 139776K, 100% used [0x04e00000, 0x0d680000, 0x0d680000)
  from space 17472K,  99% used [0x0d680000, 0x0e78fff8, 0x0e790000)
  to   space 17472K,   0% used [0x0e790000, 0x0e790000, 0x0f8a0000)
 tenured generation   total 349568K, used 349567K [0x0f8a0000, 0x24e00000, 0x24e00000)
   the space 349568K,  99% used [0x0f8a0000, 0x24dffff8, 0x24e00000, 0x24e00000)
 Metaspace       used 25715K, capacity 26242K, committed 26368K, reserved 27008K
Event: 24490.012 GC heap after
Heap after GC invocations=1438 (full 467):
 def new generation   total 157248K, used 157247K [0x04e00000, 0x0f8a0000, 0x0f8a0000)
  eden space 139776K, 100% used [0x04e00000, 0x0d680000, 0x0d680000)
  from space 17472K,  99% used [0x0d680000, 0x0e78ff30, 0x0e790000)
  to   space 17472K,   0% used [0x0e790000, 0x0e790000, 0x0f8a0000)
 tenured generation   total 349568K, used 349567K [0x0f8a0000, 0x24e00000, 0x24e00000)
   the space 349568K,  99% used [0x0f8a0000, 0x24dffff8, 0x24e00000, 0x24e00000)
 Metaspace       used 25715K, capacity 26242K, committed 26368K, reserved 27008K
}
Event: 24490.013 GC heap before
{Heap before GC invocations=1438 (full 467):
 def new generation   total 157248K, used 157247K [0x04e00000, 0x0f8a0000, 0x0f8a0000)
  eden space 139776K, 100% used [0x04e00000, 0x0d680000, 0x0d680000)
  from space 17472K,  99% used [0x0d680000, 0x0e78ff30, 0x0e790000)
  to   space 17472K,   0% used [0x0e790000, 0x0e790000, 0x0f8a0000)
 tenured generation   total 349568K, used 349567K [0x0f8a0000, 0x24e00000, 0x24e00000)
   the space 349568K,  99% used [0x0f8a0000, 0x24dffff8, 0x24e00000, 0x24e00000)
 Metaspace       used 25715K, capacity 26242K, committed 26368K, reserved 27008K
Event: 24490.413 GC heap after
Heap after GC invocations=1439 (full 468):
 def new generation   total 157248K, used 157247K [0x04e00000, 0x0f8a0000, 0x0f8a0000)
  eden space 139776K, 100% used [0x04e00000, 0x0d680000, 0x0d680000)
  from space 17472K,  99% used [0x0d680000, 0x0e78ff30, 0x0e790000)
  to   space 17472K,   0% used [0x0e790000, 0x0e790000, 0x0f8a0000)
 tenured generation   total 349568K, used 349535K [0x0f8a0000, 0x24e00000, 0x24e00000)
   the space 349568K,  99% used [0x0f8a0000, 0x24df7cb0, 0x24df7e00, 0x24e00000)
 Metaspace       used 25715K, capacity 26242K, committed 26368K, reserved 27008K
}

Deoptimization events (0 events):
No events

Classes redefined (0 events):
No events

Internal exceptions (10 events):
Event: 24317.078 Thread 0x289cd800 Exception <a 'sun/nio/fs/WindowsException'> (0x0a6910f0) thrown at [C:\workspace\8-2-build-windows-i586-cygwin\jdk8u191\11896\hotspot\src\share\vm\prims\jni.cpp, line 709]
Event: 24317.079 Thread 0x289cd800 Exception <a 'sun/nio/fs/WindowsException'> (0x0a6a0d60) thrown at [C:\workspace\8-2-build-windows-i586-cygwin\jdk8u191\11896\hotspot\src\share\vm\prims\jni.cpp, line 709]
Event: 24317.079 Thread 0x289cd800 Exception <a 'sun/nio/fs/WindowsException'> (0x0a6a1330) thrown at [C:\workspace\8-2-build-windows-i586-cygwin\jdk8u191\11896\hotspot\src\share\vm\prims\jni.cpp, line 709]
Event: 24317.081 Thread 0x289cd800 Exception <a 'sun/nio/fs/WindowsException'> (0x0a6b5c70) thrown at [C:\workspace\8-2-build-windows-i586-cygwin\jdk8u191\11896\hotspot\src\share\vm\prims\jni.cpp, line 709]
Event: 24317.081 Thread 0x289cd800 Exception <a 'sun/nio/fs/WindowsException'> (0x0a6b6228) thrown at [C:\workspace\8-2-build-windows-i586-cygwin\jdk8u191\11896\hotspot\src\share\vm\prims\jni.cpp, line 709]
Event: 24317.084 Thread 0x289cd800 Exception <a 'sun/nio/fs/WindowsException'> (0x0a6c2728) thrown at [C:\workspace\8-2-build-windows-i586-cygwin\jdk8u191\11896\hotspot\src\share\vm\prims\jni.cpp, line 709]
Event: 24317.084 Thread 0x289cd800 Exception <a 'sun/nio/fs/WindowsException'> (0x0a6c2d48) thrown at [C:\workspace\8-2-build-windows-i586-cygwin\jdk8u191\11896\hotspot\src\share\vm\prims\jni.cpp, line 709]
Event: 24317.086 Thread 0x289cd800 Exception <a 'sun/nio/fs/WindowsException'> (0x0a6d60d8) thrown at [C:\workspace\8-2-build-windows-i586-cygwin\jdk8u191\11896\hotspot\src\share\vm\prims\jni.cpp, line 709]
Event: 24317.086 Thread 0x289cd800 Exception <a 'sun/nio/fs/WindowsException'> (0x0a6d66d0) thrown at [C:\workspace\8-2-build-windows-i586-cygwin\jdk8u191\11896\hotspot\src\share\vm\prims\jni.cpp, line 709]
Event: 24490.413 Thread 0x28aa6000 Exception <a 'java/lang/OutOfMemoryError'> (0x0f930dc0) thrown at [C:\workspace\8-2-build-windows-i586-cygwin\jdk8u191\11896\hotspot\src\share\vm\gc_interface/collectedHeap.inline.hpp, line 159]

Events (10 events):
Event: 24487.238 Executing VM operation: GenCollectForAllocation
Event: 24488.026 Executing VM operation: GenCollectForAllocation done
Event: 24488.026 Executing VM operation: GenCollectForAllocation
Event: 24488.423 Executing VM operation: GenCollectForAllocation done
Event: 24488.423 Executing VM operation: GenCollectForAllocation
Event: 24488.818 Executing VM operation: GenCollectForAllocation done
Event: 24488.818 Executing VM operation: GenCollectForAllocation
Event: 24489.614 Executing VM operation: GenCollectForAllocation done
Event: 24489.614 Executing VM operation: GenCollectForAllocation
Event: 24490.413 Executing VM operation: GenCollectForAllocation done


Dynamic libraries:
0x005d0000 - 0x00603000 	C:\Program Files (x86)\Arduino\java\bin\javaw.exe
0x77950000 - 0x77af3000 	C:\WINDOWS\SYSTEM32\ntdll.dll
0x75c60000 - 0x75d50000 	C:\WINDOWS\System32\KERNEL32.DLL
0x77150000 - 0x77364000 	C:\WINDOWS\System32\KERNELBASE.dll
0x75a40000 - 0x75aba000 	C:\WINDOWS\System32\ADVAPI32.dll
0x76740000 - 0x767ff000 	C:\WINDOWS\System32\msvcrt.dll
0x76040000 - 0x760b6000 	C:\WINDOWS\System32\sechost.dll
0x75f80000 - 0x76040000 	C:\WINDOWS\System32\RPCRT4.dll
0x76c10000 - 0x76da6000 	C:\WINDOWS\System32\USER32.dll
0x75be0000 - 0x75bf8000 	C:\WINDOWS\System32\win32u.dll
0x76120000 - 0x76143000 	C:\WINDOWS\System32\GDI32.dll
0x75d50000 - 0x75e2c000 	C:\WINDOWS\System32\gdi32full.dll
0x75b60000 - 0x75bdb000 	C:\WINDOWS\System32\msvcp_win.dll
0x77010000 - 0x77130000 	C:\WINDOWS\System32\ucrtbase.dll
0x719d0000 - 0x71be0000 	C:\WINDOWS\WinSxS\x86_microsoft.windows.common-controls_6595b64144ccf1df_6.0.19041.844_none_11adecdf30011423\COMCTL32.dll
0x76710000 - 0x76735000 	C:\WINDOWS\System32\IMM32.DLL
0x5aee0000 - 0x5af9f000 	C:\Program Files (x86)\Arduino\java\bin\msvcr100.dll
0x5ab00000 - 0x5aed3000 	C:\Program Files (x86)\Arduino\java\bin\client\jvm.dll
0x77400000 - 0x77406000 	C:\WINDOWS\System32\PSAPI.DLL
0x73720000 - 0x73748000 	C:\WINDOWS\SYSTEM32\WINMM.dll
0x72510000 - 0x72518000 	C:\WINDOWS\SYSTEM32\VERSION.dll
0x71c40000 - 0x71c48000 	C:\WINDOWS\SYSTEM32\WSOCK32.dll
0x76800000 - 0x76863000 	C:\WINDOWS\System32\WS2_32.dll
0x5b3b0000 - 0x5b3e0000 	C:\Program Files (x86)\Arduino\java\bin\splashscreen.dll
0x6e0a0000 - 0x6e114000 	C:\WINDOWS\system32\uxtheme.dll
0x76980000 - 0x76c01000 	C:\WINDOWS\System32\combase.dll
0x6b1c0000 - 0x6b1cc000 	C:\Program Files (x86)\Arduino\java\bin\verify.dll
0x75e80000 - 0x75f54000 	C:\WINDOWS\System32\MSCTF.dll
0x75ac0000 - 0x75b56000 	C:\WINDOWS\System32\OLEAUT32.dll
0x5aad0000 - 0x5aaf2000 	C:\Program Files (x86)\Arduino\java\bin\java.dll
0x5aab0000 - 0x5aac4000 	C:\Program Files (x86)\Arduino\java\bin\zip.dll
0x72d60000 - 0x72d6f000 	C:\WINDOWS\SYSTEM32\kernel.appcore.dll
0x759e0000 - 0x75a3d000 	C:\WINDOWS\System32\bcryptPrimitives.dll
0x6c6e0000 - 0x6c799000 	C:\WINDOWS\SYSTEM32\textinputframework.dll
0x65220000 - 0x6549e000 	C:\WINDOWS\System32\CoreUIComponents.dll
0x65180000 - 0x6521b000 	C:\WINDOWS\System32\CoreMessaging.dll
0x75800000 - 0x75887000 	C:\WINDOWS\System32\SHCORE.dll
0x704d0000 - 0x704f9000 	C:\WINDOWS\SYSTEM32\ntmarta.dll
0x6b320000 - 0x6b3fb000 	C:\WINDOWS\SYSTEM32\wintypes.dll
0x76150000 - 0x76704000 	C:\WINDOWS\System32\SHELL32.dll
0x70810000 - 0x70e18000 	C:\WINDOWS\SYSTEM32\windows.storage.dll
0x70640000 - 0x70664000 	C:\WINDOWS\SYSTEM32\Wldp.dll
0x76fb0000 - 0x76ff5000 	C:\WINDOWS\System32\shlwapi.dll
0x70500000 - 0x70518000 	C:\WINDOWS\SYSTEM32\profapi.dll
0x61940000 - 0x619b3000 	C:\Program Files (x86)\Arduino\lib\listSerialsj.dll
0x77500000 - 0x77935000 	C:\WINDOWS\System32\SETUPAPI.dll
0x77410000 - 0x7744b000 	C:\WINDOWS\System32\cfgmgr32.dll
0x75f60000 - 0x75f79000 	C:\WINDOWS\System32\bcrypt.dll
0x5aa90000 - 0x5aaad000 	C:\Program Files (x86)\Arduino\lib\jnidispatch-4.2.2-win32-x86.dll
0x758f0000 - 0x759d3000 	C:\WINDOWS\System32\Ole32.dll
0x5aa70000 - 0x5aa85000 	C:\Program Files (x86)\Arduino\java\bin\net.dll
0x70730000 - 0x70782000 	C:\WINDOWS\system32\mswsock.dll
0x5b3a0000 - 0x5b3af000 	C:\Program Files (x86)\Arduino\java\bin\nio.dll
0x5a920000 - 0x5aa67000 	C:\Program Files (x86)\Arduino\java\bin\awt.dll
0x72db0000 - 0x72e4f000 	C:\WINDOWS\SYSTEM32\apphelp.dll
0x716e0000 - 0x71706000 	C:\WINDOWS\system32\DWMAPI.DLL
0x5a8e0000 - 0x5a919000 	C:\Program Files (x86)\Arduino\java\bin\fontmanager.dll
0x61730000 - 0x61834000 	C:\WINDOWS\system32\opengl32.dll
0x67bb0000 - 0x67bef000 	C:\WINDOWS\SYSTEM32\GLU32.dll
0x5a8a0000 - 0x5a8d2000 	C:\Program Files (x86)\Arduino\java\bin\t2k.dll
0x5a890000 - 0x5a89a000 	C:\Program Files (x86)\Arduino\java\bin\management.dll
0x6e080000 - 0x6e091000 	C:\WINDOWS\system32\napinsp.dll
0x6a480000 - 0x6a496000 	C:\WINDOWS\system32\pnrpnsp.dll
0x6a470000 - 0x6a480000 	C:\WINDOWS\system32\wshbth.dll
0x6edb0000 - 0x6edc6000 	C:\WINDOWS\system32\NLAapi.dll
0x72ef0000 - 0x72f22000 	C:\WINDOWS\SYSTEM32\IPHLPAPI.DLL
0x72e50000 - 0x72ee2000 	C:\WINDOWS\SYSTEM32\DNSAPI.dll
0x77000000 - 0x77007000 	C:\WINDOWS\System32\NSI.dll
0x6e030000 - 0x6e03e000 	C:\WINDOWS\System32\winrnr.dll
0x6e000000 - 0x6e021000 	C:\Program Files (x86)\Bonjour\mdnsNSP.dll
0x6df90000 - 0x6dfe8000 	C:\WINDOWS\System32\fwpuclnt.dll
0x6dff0000 - 0x6dff8000 	C:\Windows\System32\rasadhlp.dll
0x717f0000 - 0x71804000 	C:\WINDOWS\SYSTEM32\dhcpcsvc6.DLL
0x710f0000 - 0x71106000 	C:\WINDOWS\SYSTEM32\dhcpcsvc.DLL
0x6eff0000 - 0x6f003000 	C:\WINDOWS\SYSTEM32\CRYPTSP.dll
0x6ef20000 - 0x6ef4f000 	C:\WINDOWS\system32\rsaenh.dll
0x73660000 - 0x73685000 	C:\WINDOWS\SYSTEM32\USERENV.dll
0x71390000 - 0x7139a000 	C:\WINDOWS\SYSTEM32\CRYPTBASE.dll
0x71be0000 - 0x71c04000 	C:\WINDOWS\SYSTEM32\DEVOBJ.dll
0x75e30000 - 0x75e77000 	C:\WINDOWS\System32\WINTRUST.dll
0x76870000 - 0x76971000 	C:\WINDOWS\System32\CRYPT32.dll
0x6df80000 - 0x6df8e000 	C:\WINDOWS\SYSTEM32\MSASN1.dll
0x5a820000 - 0x5a889000 	C:\Program Files (x86)\Arduino\msvcp100.dll
0x5a760000 - 0x5a81e000 	C:\Program Files (x86)\Arduino\msvcr100.dll
0x27b60000 - 0x27b92000 	C:\Program Files (x86)\Arduino\lib\AStylej.dll
0x5a4d0000 - 0x5a4f4000 	C:\Program Files (x86)\Arduino\java\bin\dcpr.dll
0x76db0000 - 0x76e2e000 	C:\WINDOWS\System32\clbcatq.dll
0x5a500000 - 0x5a670000 	C:\WINDOWS\SYSTEM32\WindowsCodecs.dll
0x6c7d0000 - 0x6c801000 	C:\WINDOWS\system32\dataexchange.dll
0x656c0000 - 0x65825000 	C:\WINDOWS\system32\dcomp.dll
0x65830000 - 0x65a10000 	C:\WINDOWS\system32\d3d11.dll
0x71710000 - 0x717d2000 	C:\WINDOWS\system32\dxgi.dll
0x6b400000 - 0x6b58f000 	C:\WINDOWS\system32\twinapi.appcore.dll
0x6b240000 - 0x6b260000 	C:\Program Files (x86)\Arduino\java\bin\sunec.dll
0x6b230000 - 0x6b239000 	C:\Program Files (x86)\Arduino\java\bin\sunmscapi.dll
0x64000000 - 0x6401b000 	C:\Program Files (x86)\Arduino\lib\jSSC-2.8_x86.dll
0x71840000 - 0x719c8000 	C:\WINDOWS\SYSTEM32\dbghelp.dll

VM Arguments:
jvm_args: -Dsun.java2d.d3d=false -Djna.nosys=true -Djna.nounpack=true -Djna.boot.library.name=jnidispatch-4.2.2-win32-x86 -Djna.boot.library.path=C:\Program Files (x86)\Arduino/lib -Djssc.library.path=C:\Program Files (x86)\Arduino/lib -DAPP_DIR=C:\Program Files (x86)\Arduino -Xms128M -Xmx512M -Dfile.encoding=UTF8 -Djava.net.preferIPv4Stack=true 
java_command: processing.app.Base C:\Users\Danie\OneDrive - SupplyMaid\GitHub\Valar-Systems\Model_S_2209\Model_S_2209.ino
java_class_path (initial): C:\Program Files (x86)\Arduino\lib\apple.jar;C:\Program Files (x86)\Arduino\lib\arduino-core.jar;C:\Program Files (x86)\Arduino\lib\batik-1.8.jar;C:\Program Files (x86)\Arduino\lib\batik-anim-1.8.jar;C:\Program Files (x86)\Arduino\lib\batik-awt-util-1.8.jar;C:\Program Files (x86)\Arduino\lib\batik-bridge-1.8.jar;C:\Program Files (x86)\Arduino\lib\batik-codec-1.8.jar;C:\Program Files (x86)\Arduino\lib\batik-css-1.8.jar;C:\Program Files (x86)\Arduino\lib\batik-dom-1.8.jar;C:\Program Files (x86)\Arduino\lib\batik-ext-1.8.jar;C:\Program Files (x86)\Arduino\lib\batik-gvt-1.8.jar;C:\Program Files (x86)\Arduino\lib\batik-parser-1.8.jar;C:\Program Files (x86)\Arduino\lib\batik-rasterizer-1.8.jar;C:\Program Files (x86)\Arduino\lib\batik-script-1.8.jar;C:\Program Files (x86)\Arduino\lib\batik-squiggle-1.8.jar;C:\Program Files (x86)\Arduino\lib\batik-svg-dom-1.8.jar;C:\Program Files (x86)\Arduino\lib\batik-svgpp-1.8.jar;C:\Program Files (x86)\Arduino\lib\batik-transcoder-1.8.jar;C:\Program Files (x86)\Arduino\lib\batik-util-1.8.jar;C:\Program Files (x86)\Arduino\lib\batik-xml-1.8.jar;C:\Program Files (x86)\Arduino\lib\bcpg-jdk15on-152.jar;C:\Program Files (x86)\Arduino\lib\bcprov-jdk15on-152.jar;C:\Program Files (x86)\Arduino\lib\commons-codec-1.7.jar;C:\Program Files (x86)\Arduino\lib\commons-compress-1.8.jar;C:\Program Files (x86)\Arduino\lib\commons-exec-1.1.jar;C:\Program Files (x86)\Arduino\lib\commons-httpclient-3.1.jar;C:\Program Files (x86)\Arduino\lib\commons-lang3-3.8.1.jar;C:\Program Files (x86)\Arduino\lib\commons-logging-1.0.4.jar;C:\Program Files (x86)\Arduino\lib\commons-net-3.3.jar;C:\Program Files (x86)\Arduino\lib\commons-io-2.6.jar;C:\Program Files (x86)\Arduino\lib\jackson-annotations-2.9.5.jar;C:\Program Files (x86)\Arduino\lib\jackson-core-2.9.5.jar;C:\Program Files (x86)\Arduino\lib\jackson-databind-2.9.5.jar;C:\Program Files (x86)\Arduino\lib\java-semver-0.8.0.jar;C:\Program Files (x86)\Arduino\lib\jmdns-3.5.5.jar;C:\Program
Launcher Type: SUN_STANDARD

Environment Variables:
PATH=C:\Program Files (x86)\VMware\VMware Player\bin\;C:\Program Files\Oculus\Support\oculus-runtime;C:\WINDOWS\system32;C:\WINDOWS;C:\WINDOWS\System32\Wbem;C:\WINDOWS\System32\WindowsPowerShell\v1.0\;C:\WINDOWS\System32\OpenSSH\;C:\Program Files (x86)\NVIDIA Corporation\PhysX\Common;C:\Program Files\NVIDIA Corporation\NVIDIA NvDLISR;C:\Program Files\dotnet\;C:\WINDOWS\system32;C:\WINDOWS;C:\WINDOWS\System32\Wbem;C:\WINDOWS\System32\WindowsPowerShell\v1.0\;C:\WINDOWS\System32\OpenSSH\;C:\Program Files\Inkscape\bin;C:\Users\Danie\AppData\Local\Programs\Python\Python38-32\Scripts\;C:\Users\Danie\AppData\Local\Programs\Python\Python38-32\;C:\Users\Danie\AppData\Local\Microsoft\WindowsApps;C:\Users\Danie\AppData\Local\GitHubDesktop\bin;C:\Users\Danie\AppData\Local\Programs\Microsoft VS Code\bin;C:\Program Files (x86)\Google\Chrome\Application\chrome.exe;;C:\Program Files (x86)\Arduino\java\bin
USERNAME=Danie
OS=Windows_NT
PROCESSOR_IDENTIFIER=AMD64 Family 23 Model 113 Stepping 0, AuthenticAMD



---------------  S Y S T E M  ---------------

OS: Windows 10.0 , 64 bit Build 19041 (10.0.19041.804)

CPU:total 12 (initial active 12) (12 cores per cpu, 1 threads per core) family 23 model 113 stepping 0, cmov, cx8, fxsr, mmx, sse, sse2, sse3, ssse3, sse4.1, sse4.2, popcnt, avx, avx2, aes, clmul, mmxext, 3dnowpref, lzcnt, sse4a, tsc, tscinvbit, tscinv, bmi1

Memory: 4k page, physical 16686188k(7066244k free), swap 33463404k(18360948k free)

vm_info: Java HotSpot(TM) Client VM (25.191-b12) for windows-x86 JRE (1.8.0_191-b12), built on Oct  6 2018 08:34:23 by "java_re" with MS VC++ 10.0 (VS2010)

time: Wed Apr 14 16:06:28 2021
elapsed time: 24490 seconds (0d 6h 48m 10s)

